<?xml version="1.0" encoding="UTF-8"?>
<testng-results ignored="0" total="1" passed="1" failed="0" skipped="0">
  <reporter-output>
  </reporter-output>
  <suite started-at="2022-06-29T14:44:15 IRDT" name="test_cases.ApplyJobs" finished-at="2022-06-29T14:44:23 IRDT" duration-ms="7404">
    <groups>
    </groups>
    <test started-at="2022-06-29T14:44:15 IRDT" name="Command line test" finished-at="2022-06-29T14:44:23 IRDT" duration-ms="7404">
      <class name="test_cases.ApplyJobs">
        <test-method is-config="true" signature="initialSetup()[pri:0, instance:test_cases.ApplyJobs@121c54fa]" started-at="2022-06-29T14:44:15 IRDT" name="initialSetup" finished-at="2022-06-29T14:44:19 IRDT" duration-ms="3753" status="PASS">
          <reporter-output>
          </reporter-output>
        </test-method> <!-- initialSetup -->
        <test-method signature="applyToQAPosition()[pri:0, instance:test_cases.ApplyJobs@121c54fa]" started-at="2022-06-29T14:44:19 IRDT" name="applyToQAPosition" finished-at="2022-06-29T14:44:22 IRDT" duration-ms="3383" status="PASS">
          <reporter-output>
          </reporter-output>
        </test-method> <!-- applyToQAPosition -->
        <test-method is-config="true" signature="tearDown()[pri:0, instance:test_cases.ApplyJobs@121c54fa]" started-at="2022-06-29T14:44:22 IRDT" name="tearDown" finished-at="2022-06-29T14:44:23 IRDT" duration-ms="236" status="PASS">
          <reporter-output>
          </reporter-output>
        </test-method> <!-- tearDown -->
      </class> <!-- test_cases.ApplyJobs -->
    </test> <!-- Command line test -->
  </suite> <!-- test_cases.ApplyJobs -->
</testng-results>
